cuda_stage=physics_rollout_loss_vjp
gpu_rollout=true
actor_output_dim=4
critic_output_dim=1
actor_forward_on_gpu=true
critic_head_on_gpu=true
gru_backward_on_gpu=true
optimizer_on_gpu=true
full_gpu_training_enabled=true
active_training_task=origin_recovery_position_controller
active_training_default_horizon=16
active_training_requested_horizon=16
setpoint_shifting_for_eval_and_deployment=true
eval_only=false
eval_model=euler
failure_analysis=false
forced_dynamics_bins_enabled=false
balanced_dynamics_sampling=false
sampled_dynamics_level=broad
correlated_size_mass_sampling=false
trajectory_mode=fixed
training_reference_mode=origin
trajectory_amplitude=0.03
trajectory_frequency_hz=0.5
training_episode_steps=500
tracking_gate_mode=local
initial_position_scale=0.14
initial_velocity_scale=0.5
initial_attitude_scale=1
initial_attitude_scale_local=1
initial_angular_velocity_scale=1
near_zero_guidance_probability=0.1
simulation_frequency_hz=100
dt=0.01
sample_dynamics=false
learning_rate=5e-05
action_magnitude_weight=0.005
action_magnitude_center=0
hover_relative_action_magnitude=true
action_smoothness_weight=0.03
action_saturation_weight=1
action_saturation_start=0.85
loss_velocity_weight=0.8
velocity_reference_gain=0
progress_weight=0
outward_velocity_weight=0
clf_weight=0.05
window_clf_weight=1
clf_alpha=0.2
clf_position_weight=8
clf_velocity_weight=0.8
clf_attitude_weight=4
clf_angular_velocity_weight=4
clf_position_velocity_cross_beta=0.2
clf_attitude_angular_velocity_cross_beta=0.1
window_clf_epsilon=0.001
window_clf_huber_delta=1
velocity_barrier_weight=0.02
velocity_barrier_safe=10
angular_velocity_barrier_weight=0.1
angular_velocity_barrier_safe=15
attitude_barrier_weight=0.05
attitude_barrier_safe=4
attitude_control_weight=0.2
attitude_control_k_R=2
attitude_control_k_omega=2
loss_angular_velocity_weight=4
loss_linear_acceleration_weight=0
loss_angular_acceleration_weight=0
terminal_loss_scale=0
terminal_velocity_weight=4
terminal_angular_velocity_weight=4
diff_rollout_loss_weight=0.00025
temporal_gradient_decay_alpha=0
velocity_observation_noise=0
velocity_observation_delay_steps=0
persistent_episode_training=true
action_grad_clip_enabled=false
action_grad_clip_norm=100
actor_grad_clip_enabled=true
actor_grad_clip_norm=100
actor_grad_skip_norm=1e+12
disable_physics_gradient=false
reset_hidden_each_step=false
load_optimizer_state=true
hover_relative_action_magnitude_center=per_sample_initial_previous_action
gpu_full_training_passed=true
gpu_full_training_finite=true
gpu_full_training_final_loss=0.050487
gpu_full_training_final_grad_norm=0.0154841
gpu_full_training_final_critic_loss=0.0500595
gpu_full_training_final_critic_error_norm=362.254
gpu_full_training_final_critic_output_mean=0.00243011
gpu_full_training_final_critic_target_mean=-4.4113e-11
gpu_full_training_returns_mean=-1.7099
gpu_full_training_returns_std=0.220643
gpu_full_training_episode_length_mean=16
gpu_full_training_episode_length_std=0
gpu_full_training_num_terminated=0
gpu_full_training_share_terminated=0
gpu_full_training_position_cost=0.280391
gpu_full_training_orientation_cost=0.019252
gpu_full_training_linear_velocity_cost=0.387783
gpu_full_training_angular_velocity_cost=0.051455
gpu_full_training_action_cost=2.34635e-08
gpu_full_training_weighted_cost=1.7099
gpu_full_training_reward=-1.7099
gpu_full_training_nan_inf_count=0
gpu_full_training_episode_steps=500
gpu_full_training_persistent_episode_training=true
gpu_full_training_persistent_episode_step=16
gpu_full_training_segment_start=48
gpu_full_training_segment_end=64
gpu_full_training_episode_reset_count=45
gpu_full_training_final_window_start_mean=242.193
gpu_full_training_h1000_gate_enabled=true
gpu_full_training_h1000_gate_eval_count=10
gpu_full_training_h1000_gate_pass_count=0
gpu_full_training_h1000_gate_fail_count=10
gpu_full_training_h1000_gate_rollback_count=0
gpu_full_training_h1000_gate_last_passed=false
gpu_full_training_h1000_gate_last_weighted_cost=6.34128e+24
gpu_full_training_h1000_gate_last_mean_max_omega=701739
gpu_full_training_h1000_gate_last_max_omega=3.5226e+07
gpu_full_training_h1000_gate_last_action_saturation=0.157142
gpu_full_training_failure_replay_enabled=true
gpu_full_training_failure_replay_buffer_size=512
gpu_full_training_failure_replay_added_count=865
gpu_full_training_failure_replay_used_count=15
gpu_checkpoint_saved=true
gpu_checkpoint_loaded=false
